{"type":"eventLog","action":"eventLog","info":"create_log_dir","results":"Templately\\Core\\Importer\\FullSiteImport::import::506","timestamp":"2025-08-27 02:39:58"}
{"type":"start","action":"eventLog","results":"Templately\\Core\\Importer\\FullSiteImport::import::519","timestamp":"2025-08-27 02:39:58"}
{"action":"updateLog","type":"writing_permission_check","progress":100,"message":"Permission Passed","status":"complete","timestamp":"2025-08-27 02:39:58"}
{"action":"updateLog","type":"download","progress":1,"message":"Downloading Template Pack","timestamp":"2025-08-27 02:39:58"}
{"action":"updateLog","type":"download","progress":57,"message":"Downloading Template Pack","timestamp":"2025-08-27 02:40:01"}
{"action":"updateLog","type":"download","progress":100,"message":"Downloading Template Pack","status":"complete","timestamp":"2025-08-27 02:40:01"}
{"type":"continue","action":"continue","info":"download_zip","results":"Templately\\Core\\Importer\\FullSiteImport::import::549","timestamp":"2025-08-27 02:40:01"}
{"type":"start","action":"eventLog","results":"Templately\\Core\\Importer\\FullSiteImport::import::519","timestamp":"2025-08-27 02:40:02"}
{"action":"removeLog","type":"temp","progress":100,"timestamp":"2025-08-27 02:40:02"}
{"action":"eventLog","type":"dependencies","progress":0,"message":"Updating customizer settings.","timestamp":"2025-08-27 02:40:02"}
{"action":"updateLog","type":"theme","progress":0,"message":"Installing and Activating Theme: Hello Elementor","timestamp":"2025-08-27 02:40:02"}
{"action":"eventLog","type":"attachments","progress":1,"message":"Before downloading attachment: https:\/\/api.wordpress.org\/themes\/info\/1.2\/?action=theme_information&request%5Bslug%5D=hello-elementor&request%5Bfields%5D%5Bsections%5D=0&request%5Blocale%5D=id_ID&request%5Bwp_version%5D=6.8","timestamp":"2025-08-27 02:40:02"}
{"action":"eventLog","type":"attachments","progress":1,"message":"After downloading attachment: https:\/\/api.wordpress.org\/themes\/info\/1.2\/?action=theme_information&request%5Bslug%5D=hello-elementor&request%5Bfields%5D%5Bsections%5D=0&request%5Blocale%5D=id_ID&request%5Bwp_version%5D=6.8","timestamp":"2025-08-27 02:40:03"}
{"action":"eventLog","type":"attachments","progress":1,"message":"Before downloading attachment: https:\/\/downloads.wordpress.org\/theme\/hello-elementor.3.4.4.zip","timestamp":"2025-08-27 02:40:03"}
{"action":"eventLog","type":"attachments","progress":1,"message":"After downloading attachment: https:\/\/downloads.wordpress.org\/theme\/hello-elementor.3.4.4.zip","timestamp":"2025-08-27 02:40:05"}
{"action":"eventLog","type":"attachments","progress":1,"message":"Before downloading attachment: https:\/\/api.wordpress.org\/core\/version-check\/1.7\/?version=6.8.2&php=8.3.16&locale=id_ID&mysql=8.4.3&local_package=&blogs=1&users=1&multisite_enabled=0&initial_db_version=60421&extensions%5Bapache2handler%5D=8.3.16&extensions%5Bbcmath%5D=8.3.16&extensions%5Bcalendar%5D=8.3.16&extensions%5BCore%5D=8.3.16&extensions%5Bctype%5D=8.3.16&extensions%5Bcurl%5D=8.3.16&extensions%5Bdate%5D=8.3.16&extensions%5Bdom%5D=20031129&extensions%5Bexif%5D=8.3.16&extensions%5Bfileinfo%5D=8.3.16&extensions%5Bfilter%5D=8.3.16&extensions%5Bgd%5D=8.3.16&extensions%5Bhash%5D=8.3.16&extensions%5Biconv%5D=8.3.16&extensions%5Bintl%5D=8.3.16&extensions%5Bjson%5D=8.3.16&extensions%5Blibxml%5D=8.3.16&extensions%5Bmbstring%5D=8.3.16&extensions%5Bmysqli%5D=8.3.16&extensions%5Bmysqlnd%5D=mysqlnd+8.3.16&extensions%5Bopenssl%5D=8.3.16&extensions%5Bpcre%5D=8.3.16&extensions%5BPDO%5D=8.3.16&extensions%5Bpdo_mysql%5D=8.3.16&extensions%5Bpdo_sqlite%5D=8.3.16&extensions%5BPhar%5D=8.3.16&extensions%5Brandom%5D=8.3.16&extensions%5Breadline%5D=8.3.16&extensions%5BReflection%5D=8.3.16&extensions%5Bsession%5D=8.3.16&extensions%5BSimpleXML%5D=8.3.16&extensions%5Bsodium%5D=8.3.16&extensions%5BSPL%5D=8.3.16&extensions%5Bsqlite3%5D=8.3.16&extensions%5Bstandard%5D=8.3.16&extensions%5Btokenizer%5D=8.3.16&extensions%5Bxml%5D=8.3.16&extensions%5Bxmlreader%5D=8.3.16&extensions%5Bxmlwriter%5D=8.3.16&extensions%5Bxsl%5D=8.3.16&extensions%5Bzip%5D=1.22.3&extensions%5Bzlib%5D=8.3.16&platform_flags%5Bos%5D=WINNT&platform_flags%5Bbits%5D=64&image_support%5Bgd%5D%5B0%5D=webp&image_support%5Bgd%5D%5B1%5D=avif","timestamp":"2025-08-27 02:40:06"}
{"action":"eventLog","type":"attachments","progress":1,"message":"After downloading attachment: https:\/\/api.wordpress.org\/core\/version-check\/1.7\/?version=6.8.2&php=8.3.16&locale=id_ID&mysql=8.4.3&local_package=&blogs=1&users=1&multisite_enabled=0&initial_db_version=60421&extensions%5Bapache2handler%5D=8.3.16&extensions%5Bbcmath%5D=8.3.16&extensions%5Bcalendar%5D=8.3.16&extensions%5BCore%5D=8.3.16&extensions%5Bctype%5D=8.3.16&extensions%5Bcurl%5D=8.3.16&extensions%5Bdate%5D=8.3.16&extensions%5Bdom%5D=20031129&extensions%5Bexif%5D=8.3.16&extensions%5Bfileinfo%5D=8.3.16&extensions%5Bfilter%5D=8.3.16&extensions%5Bgd%5D=8.3.16&extensions%5Bhash%5D=8.3.16&extensions%5Biconv%5D=8.3.16&extensions%5Bintl%5D=8.3.16&extensions%5Bjson%5D=8.3.16&extensions%5Blibxml%5D=8.3.16&extensions%5Bmbstring%5D=8.3.16&extensions%5Bmysqli%5D=8.3.16&extensions%5Bmysqlnd%5D=mysqlnd+8.3.16&extensions%5Bopenssl%5D=8.3.16&extensions%5Bpcre%5D=8.3.16&extensions%5BPDO%5D=8.3.16&extensions%5Bpdo_mysql%5D=8.3.16&extensions%5Bpdo_sqlite%5D=8.3.16&extensions%5BPhar%5D=8.3.16&extensions%5Brandom%5D=8.3.16&extensions%5Breadline%5D=8.3.16&extensions%5BReflection%5D=8.3.16&extensions%5Bsession%5D=8.3.16&extensions%5BSimpleXML%5D=8.3.16&extensions%5Bsodium%5D=8.3.16&extensions%5BSPL%5D=8.3.16&extensions%5Bsqlite3%5D=8.3.16&extensions%5Bstandard%5D=8.3.16&extensions%5Btokenizer%5D=8.3.16&extensions%5Bxml%5D=8.3.16&extensions%5Bxmlreader%5D=8.3.16&extensions%5Bxmlwriter%5D=8.3.16&extensions%5Bxsl%5D=8.3.16&extensions%5Bzip%5D=1.22.3&extensions%5Bzlib%5D=8.3.16&platform_flags%5Bos%5D=WINNT&platform_flags%5Bbits%5D=64&image_support%5Bgd%5D%5B0%5D=webp&image_support%5Bgd%5D%5B1%5D=avif","timestamp":"2025-08-27 02:40:07"}
{"action":"eventLog","type":"attachments","progress":1,"message":"Before downloading attachment: https:\/\/api.wordpress.org\/plugins\/update-check\/1.1\/","timestamp":"2025-08-27 02:40:07"}
{"action":"eventLog","type":"attachments","progress":1,"message":"After downloading attachment: https:\/\/api.wordpress.org\/plugins\/update-check\/1.1\/","timestamp":"2025-08-27 02:40:07"}
{"action":"eventLog","type":"attachments","progress":1,"message":"Before downloading attachment: https:\/\/api.wordpress.org\/themes\/update-check\/1.1\/","timestamp":"2025-08-27 02:40:07"}
{"action":"eventLog","type":"attachments","progress":1,"message":"After downloading attachment: https:\/\/api.wordpress.org\/themes\/update-check\/1.1\/","timestamp":"2025-08-27 02:40:08"}
{"action":"eventLog","type":"attachments","progress":1,"message":"Before downloading attachment: https:\/\/my.elementor.com\/api\/v1\/notifications","timestamp":"2025-08-27 02:40:08"}
{"action":"eventLog","type":"attachments","progress":1,"message":"After downloading attachment: https:\/\/my.elementor.com\/api\/v1\/notifications","timestamp":"2025-08-27 02:40:09"}
{"action":"updateLog","status":"complete","message":"Activated theme: Hello Elementor","type":"theme","progress":100,"timestamp":"2025-08-27 02:40:09"}
{"action":"updateLog","type":"plugin","progress":0,"message":"Installing Required Plugins: Elementor Pro","timestamp":"2025-08-27 02:40:09"}
{"action":"eventLog","type":"attachments","progress":1,"message":"Before downloading attachment: https:\/\/api.wordpress.org\/plugins\/info\/1.2\/?action=plugin_information&request%5Bslug%5D=elementor-pro&request%5Bfields%5D%5Bsections%5D=0&request%5Blocale%5D=id_ID&request%5Bwp_version%5D=6.8","timestamp":"2025-08-27 02:40:09"}
{"action":"eventLog","type":"attachments","progress":1,"message":"After downloading attachment: https:\/\/api.wordpress.org\/plugins\/info\/1.2\/?action=plugin_information&request%5Bslug%5D=elementor-pro&request%5Bfields%5D%5Bsections%5D=0&request%5Blocale%5D=id_ID&request%5Bwp_version%5D=6.8","timestamp":"2025-08-27 02:40:10"}
{"position":"plugin","action":"updateLog","status":"error","message":"Installation Failed: Elementor Pro (Plugin not found.)","type":"plugin_elementor-pro","progress":0,"timestamp":"2025-08-27 02:40:10"}
{"type":"continue","action":"continue","name":"dependencies","index":0,"results":null,"timestamp":"2025-08-27 02:40:10"}
{"type":"start","action":"eventLog","results":"Templately\\Core\\Importer\\FullSiteImport::import::519","timestamp":"2025-08-27 02:40:11"}
{"action":"removeLog","type":"temp","progress":100,"timestamp":"2025-08-27 02:40:11"}
{"action":"updateLog","type":"plugin","progress":0,"message":"Installing Required Plugins: Essential Addons Pro","timestamp":"2025-08-27 02:40:11"}
{"action":"eventLog","type":"attachments","progress":1,"message":"Before downloading attachment: https:\/\/api.wordpress.org\/plugins\/info\/1.2\/?action=plugin_information&request%5Bslug%5D=essential-addons-elementor&request%5Bfields%5D%5Bsections%5D=0&request%5Blocale%5D=id_ID&request%5Bwp_version%5D=6.8","timestamp":"2025-08-27 02:40:11"}
{"action":"eventLog","type":"attachments","progress":1,"message":"After downloading attachment: https:\/\/api.wordpress.org\/plugins\/info\/1.2\/?action=plugin_information&request%5Bslug%5D=essential-addons-elementor&request%5Bfields%5D%5Bsections%5D=0&request%5Blocale%5D=id_ID&request%5Bwp_version%5D=6.8","timestamp":"2025-08-27 02:40:12"}
{"position":"plugin","action":"updateLog","status":"error","message":"Installation Failed: Essential Addons Pro (Plugin not found.)","type":"plugin_essential-addons-elementor","progress":0,"timestamp":"2025-08-27 02:40:12"}
{"type":"continue","action":"continue","name":"dependencies","index":1,"results":null,"timestamp":"2025-08-27 02:40:12"}
{"type":"start","action":"eventLog","results":"Templately\\Core\\Importer\\FullSiteImport::import::519","timestamp":"2025-08-27 02:40:13"}
{"action":"removeLog","type":"temp","progress":100,"timestamp":"2025-08-27 02:40:13"}
{"action":"updateLog","type":"plugin","progress":0,"message":"Installing Required Plugins: NotificationX","timestamp":"2025-08-27 02:40:13"}
{"action":"eventLog","type":"attachments","progress":1,"message":"Before downloading attachment: https:\/\/api.wordpress.org\/plugins\/info\/1.2\/?action=plugin_information&request%5Bslug%5D=notificationx&request%5Bfields%5D%5Bsections%5D=0&request%5Blocale%5D=id_ID&request%5Bwp_version%5D=6.8","timestamp":"2025-08-27 02:40:13"}
{"action":"eventLog","type":"attachments","progress":1,"message":"After downloading attachment: https:\/\/api.wordpress.org\/plugins\/info\/1.2\/?action=plugin_information&request%5Bslug%5D=notificationx&request%5Bfields%5D%5Bsections%5D=0&request%5Blocale%5D=id_ID&request%5Bwp_version%5D=6.8","timestamp":"2025-08-27 02:40:14"}
{"action":"eventLog","type":"attachments","progress":1,"message":"Before downloading attachment: https:\/\/downloads.wordpress.org\/plugin\/notificationx.3.1.3.zip","timestamp":"2025-08-27 02:40:14"}
{"action":"eventLog","type":"attachments","progress":1,"message":"After downloading attachment: https:\/\/downloads.wordpress.org\/plugin\/notificationx.3.1.3.zip","timestamp":"2025-08-27 02:40:18"}
{"action":"eventLog","type":"attachments","progress":1,"message":"Before downloading attachment: https:\/\/api.wordpress.org\/plugins\/update-check\/1.1\/","timestamp":"2025-08-27 02:40:19"}
{"action":"eventLog","type":"attachments","progress":1,"message":"After downloading attachment: https:\/\/api.wordpress.org\/plugins\/update-check\/1.1\/","timestamp":"2025-08-27 02:40:20"}
{"action":"eventLog","type":"attachments","progress":1,"message":"Before downloading attachment: https:\/\/api.wordpress.org\/themes\/update-check\/1.1\/","timestamp":"2025-08-27 02:40:20"}
{"action":"eventLog","type":"attachments","progress":1,"message":"After downloading attachment: https:\/\/api.wordpress.org\/themes\/update-check\/1.1\/","timestamp":"2025-08-27 02:40:21"}
{"type":"continue","action":"continue","name":"dependencies","index":2,"results":null,"timestamp":"2025-08-27 02:40:22"}
{"type":"start","action":"eventLog","results":"Templately\\Core\\Importer\\FullSiteImport::import::519","timestamp":"2025-08-27 02:40:23"}
{"action":"removeLog","type":"temp","progress":100,"timestamp":"2025-08-27 02:40:23"}
{"action":"updateLog","type":"plugin","progress":25,"message":"Installing Required Plugins: EmbedPress","timestamp":"2025-08-27 02:40:23"}
{"action":"eventLog","type":"attachments","progress":1,"message":"Before downloading attachment: https:\/\/api.wordpress.org\/plugins\/info\/1.2\/?action=plugin_information&request%5Bslug%5D=embedpress&request%5Bfields%5D%5Bsections%5D=0&request%5Blocale%5D=id_ID&request%5Bwp_version%5D=6.8","timestamp":"2025-08-27 02:40:23"}
{"action":"eventLog","type":"attachments","progress":1,"message":"After downloading attachment: https:\/\/api.wordpress.org\/plugins\/info\/1.2\/?action=plugin_information&request%5Bslug%5D=embedpress&request%5Bfields%5D%5Bsections%5D=0&request%5Blocale%5D=id_ID&request%5Bwp_version%5D=6.8","timestamp":"2025-08-27 02:40:24"}
{"action":"eventLog","type":"attachments","progress":1,"message":"Before downloading attachment: https:\/\/downloads.wordpress.org\/plugin\/embedpress.4.3.1.zip","timestamp":"2025-08-27 02:40:24"}
{"action":"eventLog","type":"attachments","progress":1,"message":"After downloading attachment: https:\/\/downloads.wordpress.org\/plugin\/embedpress.4.3.1.zip","timestamp":"2025-08-27 02:40:28"}
{"action":"eventLog","type":"attachments","progress":1,"message":"Before downloading attachment: https:\/\/api.wordpress.org\/plugins\/update-check\/1.1\/","timestamp":"2025-08-27 02:40:29"}
{"action":"eventLog","type":"attachments","progress":1,"message":"After downloading attachment: https:\/\/api.wordpress.org\/plugins\/update-check\/1.1\/","timestamp":"2025-08-27 02:40:30"}
{"action":"eventLog","type":"attachments","progress":1,"message":"Before downloading attachment: https:\/\/api.wordpress.org\/themes\/update-check\/1.1\/","timestamp":"2025-08-27 02:40:30"}
{"action":"eventLog","type":"attachments","progress":1,"message":"After downloading attachment: https:\/\/api.wordpress.org\/themes\/update-check\/1.1\/","timestamp":"2025-08-27 02:40:32"}
{"action":"updateLog","status":"complete","message":"Installed Required Plugins (2\/4)","type":"plugin","progress":100,"timestamp":"2025-08-27 02:40:34"}
{"action":"eventLog","type":"dependencies","progress":100,"message":"Updating customizer settings.","status":"complete","timestamp":"2025-08-27 02:40:34"}
{"type":"continue","action":"continue","name":"","index":0,"results":null,"timestamp":"2025-08-27 02:40:34"}
{"type":"start","action":"eventLog","results":"Templately\\Core\\Importer\\FullSiteImport::import::519","timestamp":"2025-08-27 02:40:37"}
{"action":"removeLog","type":"temp","progress":100,"timestamp":"2025-08-27 02:40:37"}
{"action":"updateLog","type":"attachments","progress":0,"message":"Importing Attachments: (0\/1)","timestamp":"2025-08-27 02:40:37"}
{"action":"eventLog","type":"attachments","progress":1,"message":"Before inserting attachment: HealthnoMic.png","timestamp":"2025-08-27 02:40:37"}
{"action":"eventLog","type":"attachments","progress":1,"message":"After inserting attachment: HealthnoMic.png","timestamp":"2025-08-27 02:40:37"}
{"action":"eventLog","type":"attachments","progress":1,"message":"Updated attachment metadata: 10","timestamp":"2025-08-27 02:40:37"}
{"action":"eventLog","type":"attachments","progress":1,"message":"Updated attachment metadata: 10","timestamp":"2025-08-27 02:40:37"}
{"action":"eventLog","type":"attachments","progress":1,"message":"Updated attachment metadata: 10","timestamp":"2025-08-27 02:40:37"}
{"action":"updateLog","type":"attachments","progress":4,"message":"Importing Attachments: (1\/33)","timestamp":"2025-08-27 02:40:37"}
{"action":"eventLog","type":"attachments","progress":1,"message":"Before inserting attachment: 5c0b9ab2-logo.png","timestamp":"2025-08-27 02:40:37"}
{"action":"eventLog","type":"attachments","progress":1,"message":"After inserting attachment: 5c0b9ab2-logo.png","timestamp":"2025-08-27 02:40:37"}
{"action":"eventLog","type":"attachments","progress":1,"message":"Updated attachment metadata: 11","timestamp":"2025-08-27 02:40:37"}
{"action":"eventLog","type":"attachments","progress":1,"message":"Updated attachment metadata: 11","timestamp":"2025-08-27 02:40:37"}
{"action":"eventLog","type":"attachments","progress":1,"message":"Updated attachment metadata: 11","timestamp":"2025-08-27 02:40:37"}
{"action":"updateLog","type":"attachments","progress":7,"message":"Importing Attachments: (2\/33)","timestamp":"2025-08-27 02:40:37"}
{"action":"eventLog","type":"attachments","progress":1,"message":"Before inserting attachment: Big-Image.png","timestamp":"2025-08-27 02:40:37"}
{"action":"eventLog","type":"attachments","progress":1,"message":"After inserting attachment: Big-Image.png","timestamp":"2025-08-27 02:40:37"}
{"action":"eventLog","type":"attachments","progress":1,"message":"Updated attachment metadata: 12","timestamp":"2025-08-27 02:40:37"}
{"action":"eventLog","type":"attachments","progress":1,"message":"Updated attachment metadata: 12","timestamp":"2025-08-27 02:40:37"}
{"action":"eventLog","type":"attachments","progress":1,"message":"Updated attachment metadata: 12","timestamp":"2025-08-27 02:40:37"}
{"action":"eventLog","type":"attachments","progress":1,"message":"Updated attachment metadata: 12","timestamp":"2025-08-27 02:40:38"}
{"action":"eventLog","type":"attachments","progress":1,"message":"Updated attachment metadata: 12","timestamp":"2025-08-27 02:40:38"}
{"action":"eventLog","type":"attachments","progress":1,"message":"Updated attachment metadata: 12","timestamp":"2025-08-27 02:40:38"}
{"action":"eventLog","type":"attachments","progress":1,"message":"Updated attachment metadata: 12","timestamp":"2025-08-27 02:40:38"}
{"action":"eventLog","type":"attachments","progress":1,"message":"Updated attachment metadata: 12","timestamp":"2025-08-27 02:40:38"}
{"action":"eventLog","type":"attachments","progress":1,"message":"Updated attachment metadata: 12","timestamp":"2025-08-27 02:40:38"}
{"action":"eventLog","type":"attachments","progress":1,"message":"Updated attachment metadata: 12","timestamp":"2025-08-27 02:40:38"}
{"action":"eventLog","type":"attachments","progress":1,"message":"Updated attachment metadata: 12","timestamp":"2025-08-27 02:40:38"}
{"action":"updateLog","type":"attachments","progress":10,"message":"Importing Attachments: (3\/33)","timestamp":"2025-08-27 02:40:38"}
{"action":"eventLog","type":"attachments","progress":1,"message":"Before inserting attachment: Arrow.png","timestamp":"2025-08-27 02:40:38"}
{"action":"eventLog","type":"attachments","progress":1,"message":"After inserting attachment: Arrow.png","timestamp":"2025-08-27 02:40:38"}
{"action":"eventLog","type":"attachments","progress":1,"message":"Updated attachment metadata: 13","timestamp":"2025-08-27 02:40:38"}
{"action":"eventLog","type":"attachments","progress":1,"message":"Updated attachment metadata: 13","timestamp":"2025-08-27 02:40:38"}
{"action":"eventLog","type":"attachments","progress":1,"message":"Updated attachment metadata: 13","timestamp":"2025-08-27 02:40:38"}
{"action":"eventLog","type":"attachments","progress":1,"message":"Updated attachment metadata: 13","timestamp":"2025-08-27 02:40:38"}
{"action":"eventLog","type":"attachments","progress":1,"message":"Updated attachment metadata: 13","timestamp":"2025-08-27 02:40:38"}
{"action":"updateLog","type":"attachments","progress":13,"message":"Importing Attachments: (4\/33)","timestamp":"2025-08-27 02:40:38"}
{"action":"eventLog","type":"attachments","progress":1,"message":"Before inserting attachment: Image12.png","timestamp":"2025-08-27 02:40:38"}
{"action":"eventLog","type":"attachments","progress":1,"message":"After inserting attachment: Image12.png","timestamp":"2025-08-27 02:40:38"}
{"action":"eventLog","type":"attachments","progress":1,"message":"Updated attachment metadata: 14","timestamp":"2025-08-27 02:40:38"}
{"action":"eventLog","type":"attachments","progress":1,"message":"Updated attachment metadata: 14","timestamp":"2025-08-27 02:40:38"}
{"action":"eventLog","type":"attachments","progress":1,"message":"Updated attachment metadata: 14","timestamp":"2025-08-27 02:40:38"}
{"action":"eventLog","type":"attachments","progress":1,"message":"Updated attachment metadata: 14","timestamp":"2025-08-27 02:40:38"}
{"action":"eventLog","type":"attachments","progress":1,"message":"Updated attachment metadata: 14","timestamp":"2025-08-27 02:40:39"}
{"action":"eventLog","type":"attachments","progress":1,"message":"Updated attachment metadata: 14","timestamp":"2025-08-27 02:40:39"}
{"action":"eventLog","type":"attachments","progress":1,"message":"Updated attachment metadata: 14","timestamp":"2025-08-27 02:40:39"}
{"action":"eventLog","type":"attachments","progress":1,"message":"Updated attachment metadata: 14","timestamp":"2025-08-27 02:40:39"}
{"action":"eventLog","type":"attachments","progress":1,"message":"Updated attachment metadata: 14","timestamp":"2025-08-27 02:40:39"}
{"action":"updateLog","type":"attachments","progress":16,"message":"Importing Attachments: (5\/33)","timestamp":"2025-08-27 02:40:39"}
{"action":"eventLog","type":"attachments","progress":1,"message":"Before inserting attachment: Image14.png","timestamp":"2025-08-27 02:40:39"}
{"action":"eventLog","type":"attachments","progress":1,"message":"After inserting attachment: Image14.png","timestamp":"2025-08-27 02:40:39"}
{"action":"eventLog","type":"attachments","progress":1,"message":"Updated attachment metadata: 15","timestamp":"2025-08-27 02:40:39"}
{"action":"eventLog","type":"attachments","progress":1,"message":"Updated attachment metadata: 15","timestamp":"2025-08-27 02:40:39"}
{"action":"eventLog","type":"attachments","progress":1,"message":"Updated attachment metadata: 15","timestamp":"2025-08-27 02:40:39"}
{"action":"eventLog","type":"attachments","progress":1,"message":"Updated attachment metadata: 15","timestamp":"2025-08-27 02:40:39"}
{"action":"eventLog","type":"attachments","progress":1,"message":"Updated attachment metadata: 15","timestamp":"2025-08-27 02:40:39"}
{"action":"eventLog","type":"attachments","progress":1,"message":"Updated attachment metadata: 15","timestamp":"2025-08-27 02:40:39"}
{"action":"eventLog","type":"attachments","progress":1,"message":"Updated attachment metadata: 15","timestamp":"2025-08-27 02:40:39"}
{"action":"updateLog","type":"attachments","progress":19,"message":"Importing Attachments: (6\/33)","timestamp":"2025-08-27 02:40:39"}
{"action":"eventLog","type":"attachments","progress":1,"message":"Before inserting attachment: Image17.png","timestamp":"2025-08-27 02:40:39"}
{"action":"eventLog","type":"attachments","progress":1,"message":"After inserting attachment: Image17.png","timestamp":"2025-08-27 02:40:39"}
{"action":"eventLog","type":"attachments","progress":1,"message":"Updated attachment metadata: 16","timestamp":"2025-08-27 02:40:39"}
{"action":"eventLog","type":"attachments","progress":1,"message":"Updated attachment metadata: 16","timestamp":"2025-08-27 02:40:39"}
{"action":"eventLog","type":"attachments","progress":1,"message":"Updated attachment metadata: 16","timestamp":"2025-08-27 02:40:39"}
{"action":"eventLog","type":"attachments","progress":1,"message":"Updated attachment metadata: 16","timestamp":"2025-08-27 02:40:39"}
{"action":"eventLog","type":"attachments","progress":1,"message":"Updated attachment metadata: 16","timestamp":"2025-08-27 02:40:39"}
{"action":"eventLog","type":"attachments","progress":1,"message":"Updated attachment metadata: 16","timestamp":"2025-08-27 02:40:39"}
{"action":"eventLog","type":"attachments","progress":1,"message":"Updated attachment metadata: 16","timestamp":"2025-08-27 02:40:39"}
{"action":"updateLog","type":"attachments","progress":22,"message":"Importing Attachments: (7\/33)","timestamp":"2025-08-27 02:40:39"}
{"action":"eventLog","type":"attachments","progress":1,"message":"Before inserting attachment: Image20.png","timestamp":"2025-08-27 02:40:39"}
{"action":"eventLog","type":"attachments","progress":1,"message":"After inserting attachment: Image20.png","timestamp":"2025-08-27 02:40:39"}
{"action":"eventLog","type":"attachments","progress":1,"message":"Updated attachment metadata: 17","timestamp":"2025-08-27 02:40:39"}
{"action":"eventLog","type":"attachments","progress":1,"message":"Updated attachment metadata: 17","timestamp":"2025-08-27 02:40:39"}
{"action":"eventLog","type":"attachments","progress":1,"message":"Updated attachment metadata: 17","timestamp":"2025-08-27 02:40:39"}
{"action":"eventLog","type":"attachments","progress":1,"message":"Updated attachment metadata: 17","timestamp":"2025-08-27 02:40:39"}
{"action":"eventLog","type":"attachments","progress":1,"message":"Updated attachment metadata: 17","timestamp":"2025-08-27 02:40:39"}
{"action":"eventLog","type":"attachments","progress":1,"message":"Updated attachment metadata: 17","timestamp":"2025-08-27 02:40:40"}
{"action":"eventLog","type":"attachments","progress":1,"message":"Updated attachment metadata: 17","timestamp":"2025-08-27 02:40:40"}
{"action":"updateLog","type":"attachments","progress":25,"message":"Importing Attachments: (8\/33)","timestamp":"2025-08-27 02:40:40"}
{"action":"eventLog","type":"attachments","progress":1,"message":"Before inserting attachment: Image23.png","timestamp":"2025-08-27 02:40:40"}
{"action":"eventLog","type":"attachments","progress":1,"message":"After inserting attachment: Image23.png","timestamp":"2025-08-27 02:40:40"}
{"action":"eventLog","type":"attachments","progress":1,"message":"Updated attachment metadata: 18","timestamp":"2025-08-27 02:40:40"}
{"action":"eventLog","type":"attachments","progress":1,"message":"Updated attachment metadata: 18","timestamp":"2025-08-27 02:40:40"}
{"action":"eventLog","type":"attachments","progress":1,"message":"Updated attachment metadata: 18","timestamp":"2025-08-27 02:40:40"}
{"action":"eventLog","type":"attachments","progress":1,"message":"Updated attachment metadata: 18","timestamp":"2025-08-27 02:40:40"}
{"action":"eventLog","type":"attachments","progress":1,"message":"Updated attachment metadata: 18","timestamp":"2025-08-27 02:40:40"}
{"action":"eventLog","type":"attachments","progress":1,"message":"Updated attachment metadata: 18","timestamp":"2025-08-27 02:40:40"}
{"action":"eventLog","type":"attachments","progress":1,"message":"Updated attachment metadata: 18","timestamp":"2025-08-27 02:40:40"}
{"action":"updateLog","type":"attachments","progress":28,"message":"Importing Attachments: (9\/33)","timestamp":"2025-08-27 02:40:40"}
{"action":"eventLog","type":"attachments","progress":1,"message":"Before inserting attachment: Image15.png","timestamp":"2025-08-27 02:40:40"}
{"action":"eventLog","type":"attachments","progress":1,"message":"After inserting attachment: Image15.png","timestamp":"2025-08-27 02:40:40"}
{"action":"eventLog","type":"attachments","progress":1,"message":"Updated attachment metadata: 19","timestamp":"2025-08-27 02:40:40"}
{"action":"eventLog","type":"attachments","progress":1,"message":"Updated attachment metadata: 19","timestamp":"2025-08-27 02:40:40"}
{"action":"eventLog","type":"attachments","progress":1,"message":"Updated attachment metadata: 19","timestamp":"2025-08-27 02:40:40"}
{"action":"eventLog","type":"attachments","progress":1,"message":"Updated attachment metadata: 19","timestamp":"2025-08-27 02:40:40"}
{"action":"eventLog","type":"attachments","progress":1,"message":"Updated attachment metadata: 19","timestamp":"2025-08-27 02:40:40"}
{"action":"eventLog","type":"attachments","progress":1,"message":"Updated attachment metadata: 19","timestamp":"2025-08-27 02:40:40"}
{"action":"eventLog","type":"attachments","progress":1,"message":"Updated attachment metadata: 19","timestamp":"2025-08-27 02:40:40"}
{"action":"updateLog","type":"attachments","progress":31,"message":"Importing Attachments: (10\/33)","timestamp":"2025-08-27 02:40:40"}
{"action":"eventLog","type":"attachments","progress":1,"message":"Before inserting attachment: Image18.png","timestamp":"2025-08-27 02:40:40"}
{"action":"eventLog","type":"attachments","progress":1,"message":"After inserting attachment: Image18.png","timestamp":"2025-08-27 02:40:40"}
{"action":"eventLog","type":"attachments","progress":1,"message":"Updated attachment metadata: 20","timestamp":"2025-08-27 02:40:40"}
{"action":"eventLog","type":"attachments","progress":1,"message":"Updated attachment metadata: 20","timestamp":"2025-08-27 02:40:40"}
{"action":"eventLog","type":"attachments","progress":1,"message":"Updated attachment metadata: 20","timestamp":"2025-08-27 02:40:40"}
{"action":"eventLog","type":"attachments","progress":1,"message":"Updated attachment metadata: 20","timestamp":"2025-08-27 02:40:40"}
{"action":"eventLog","type":"attachments","progress":1,"message":"Updated attachment metadata: 20","timestamp":"2025-08-27 02:40:40"}
{"action":"eventLog","type":"attachments","progress":1,"message":"Updated attachment metadata: 20","timestamp":"2025-08-27 02:40:40"}
{"action":"eventLog","type":"attachments","progress":1,"message":"Updated attachment metadata: 20","timestamp":"2025-08-27 02:40:40"}
{"action":"updateLog","type":"attachments","progress":34,"message":"Importing Attachments: (11\/33)","timestamp":"2025-08-27 02:40:40"}
{"action":"eventLog","type":"attachments","progress":1,"message":"Before inserting attachment: Image21.png","timestamp":"2025-08-27 02:40:40"}
{"action":"eventLog","type":"attachments","progress":1,"message":"After inserting attachment: Image21.png","timestamp":"2025-08-27 02:40:40"}
{"action":"eventLog","type":"attachments","progress":1,"message":"Updated attachment metadata: 21","timestamp":"2025-08-27 02:40:40"}
{"action":"eventLog","type":"attachments","progress":1,"message":"Updated attachment metadata: 21","timestamp":"2025-08-27 02:40:40"}
{"action":"eventLog","type":"attachments","progress":1,"message":"Updated attachment metadata: 21","timestamp":"2025-08-27 02:40:40"}
{"action":"eventLog","type":"attachments","progress":1,"message":"Updated attachment metadata: 21","timestamp":"2025-08-27 02:40:40"}
{"action":"eventLog","type":"attachments","progress":1,"message":"Updated attachment metadata: 21","timestamp":"2025-08-27 02:40:40"}
{"action":"eventLog","type":"attachments","progress":1,"message":"Updated attachment metadata: 21","timestamp":"2025-08-27 02:40:41"}
{"action":"eventLog","type":"attachments","progress":1,"message":"Updated attachment metadata: 21","timestamp":"2025-08-27 02:40:41"}
{"action":"updateLog","type":"attachments","progress":37,"message":"Importing Attachments: (12\/33)","timestamp":"2025-08-27 02:40:41"}
{"action":"eventLog","type":"attachments","progress":1,"message":"Before inserting attachment: Image13.png","timestamp":"2025-08-27 02:40:41"}
{"action":"eventLog","type":"attachments","progress":1,"message":"After inserting attachment: Image13.png","timestamp":"2025-08-27 02:40:41"}
{"action":"eventLog","type":"attachments","progress":1,"message":"Updated attachment metadata: 22","timestamp":"2025-08-27 02:40:41"}
{"action":"eventLog","type":"attachments","progress":1,"message":"Updated attachment metadata: 22","timestamp":"2025-08-27 02:40:41"}
{"action":"eventLog","type":"attachments","progress":1,"message":"Updated attachment metadata: 22","timestamp":"2025-08-27 02:40:41"}
{"action":"eventLog","type":"attachments","progress":1,"message":"Updated attachment metadata: 22","timestamp":"2025-08-27 02:40:41"}
{"action":"eventLog","type":"attachments","progress":1,"message":"Updated attachment metadata: 22","timestamp":"2025-08-27 02:40:41"}
{"action":"eventLog","type":"attachments","progress":1,"message":"Updated attachment metadata: 22","timestamp":"2025-08-27 02:40:41"}
{"action":"eventLog","type":"attachments","progress":1,"message":"Updated attachment metadata: 22","timestamp":"2025-08-27 02:40:41"}
{"action":"eventLog","type":"attachments","progress":1,"message":"Updated attachment metadata: 22","timestamp":"2025-08-27 02:40:41"}
{"action":"updateLog","type":"attachments","progress":40,"message":"Importing Attachments: (13\/33)","timestamp":"2025-08-27 02:40:41"}
{"action":"eventLog","type":"attachments","progress":1,"message":"Before inserting attachment: Image16.png","timestamp":"2025-08-27 02:40:41"}
{"action":"eventLog","type":"attachments","progress":1,"message":"After inserting attachment: Image16.png","timestamp":"2025-08-27 02:40:41"}
{"action":"eventLog","type":"attachments","progress":1,"message":"Updated attachment metadata: 23","timestamp":"2025-08-27 02:40:41"}
{"action":"eventLog","type":"attachments","progress":1,"message":"Updated attachment metadata: 23","timestamp":"2025-08-27 02:40:41"}
{"action":"eventLog","type":"attachments","progress":1,"message":"Updated attachment metadata: 23","timestamp":"2025-08-27 02:40:41"}
{"action":"eventLog","type":"attachments","progress":1,"message":"Updated attachment metadata: 23","timestamp":"2025-08-27 02:40:41"}
{"action":"eventLog","type":"attachments","progress":1,"message":"Updated attachment metadata: 23","timestamp":"2025-08-27 02:40:41"}
{"action":"eventLog","type":"attachments","progress":1,"message":"Updated attachment metadata: 23","timestamp":"2025-08-27 02:40:41"}
{"action":"eventLog","type":"attachments","progress":1,"message":"Updated attachment metadata: 23","timestamp":"2025-08-27 02:40:41"}
{"action":"updateLog","type":"attachments","progress":43,"message":"Importing Attachments: (14\/33)","timestamp":"2025-08-27 02:40:41"}
{"action":"eventLog","type":"attachments","progress":1,"message":"Before inserting attachment: Image19.png","timestamp":"2025-08-27 02:40:41"}
{"action":"eventLog","type":"attachments","progress":1,"message":"After inserting attachment: Image19.png","timestamp":"2025-08-27 02:40:41"}
{"action":"eventLog","type":"attachments","progress":1,"message":"Updated attachment metadata: 24","timestamp":"2025-08-27 02:40:41"}
{"action":"eventLog","type":"attachments","progress":1,"message":"Updated attachment metadata: 24","timestamp":"2025-08-27 02:40:41"}
{"action":"eventLog","type":"attachments","progress":1,"message":"Updated attachment metadata: 24","timestamp":"2025-08-27 02:40:41"}
{"action":"eventLog","type":"attachments","progress":1,"message":"Updated attachment metadata: 24","timestamp":"2025-08-27 02:40:41"}
{"action":"eventLog","type":"attachments","progress":1,"message":"Updated attachment metadata: 24","timestamp":"2025-08-27 02:40:41"}
{"action":"eventLog","type":"attachments","progress":1,"message":"Updated attachment metadata: 24","timestamp":"2025-08-27 02:40:41"}
{"action":"eventLog","type":"attachments","progress":1,"message":"Updated attachment metadata: 24","timestamp":"2025-08-27 02:40:41"}
{"action":"updateLog","type":"attachments","progress":46,"message":"Importing Attachments: (15\/33)","timestamp":"2025-08-27 02:40:41"}
{"action":"eventLog","type":"attachments","progress":1,"message":"Before inserting attachment: Image22.png","timestamp":"2025-08-27 02:40:41"}
{"action":"eventLog","type":"attachments","progress":1,"message":"After inserting attachment: Image22.png","timestamp":"2025-08-27 02:40:41"}
{"action":"eventLog","type":"attachments","progress":1,"message":"Updated attachment metadata: 25","timestamp":"2025-08-27 02:40:41"}
{"action":"eventLog","type":"attachments","progress":1,"message":"Updated attachment metadata: 25","timestamp":"2025-08-27 02:40:42"}
{"action":"eventLog","type":"attachments","progress":1,"message":"Updated attachment metadata: 25","timestamp":"2025-08-27 02:40:42"}
{"action":"eventLog","type":"attachments","progress":1,"message":"Updated attachment metadata: 25","timestamp":"2025-08-27 02:40:42"}
{"action":"eventLog","type":"attachments","progress":1,"message":"Updated attachment metadata: 25","timestamp":"2025-08-27 02:40:42"}
{"action":"eventLog","type":"attachments","progress":1,"message":"Updated attachment metadata: 25","timestamp":"2025-08-27 02:40:42"}
{"action":"eventLog","type":"attachments","progress":1,"message":"Updated attachment metadata: 25","timestamp":"2025-08-27 02:40:42"}
{"action":"updateLog","type":"attachments","progress":49,"message":"Importing Attachments: (16\/33)","timestamp":"2025-08-27 02:40:42"}
{"action":"eventLog","type":"attachments","progress":1,"message":"Before inserting attachment: Image26","timestamp":"2025-08-27 02:40:42"}
{"action":"eventLog","type":"attachments","progress":1,"message":"After inserting attachment: Image26","timestamp":"2025-08-27 02:40:42"}
{"action":"eventLog","type":"attachments","progress":1,"message":"Updated attachment metadata: 26","timestamp":"2025-08-27 02:40:42"}
{"action":"eventLog","type":"attachments","progress":1,"message":"Updated attachment metadata: 26","timestamp":"2025-08-27 02:40:42"}
{"action":"eventLog","type":"attachments","progress":1,"message":"Updated attachment metadata: 26","timestamp":"2025-08-27 02:40:42"}
{"action":"eventLog","type":"attachments","progress":1,"message":"Updated attachment metadata: 26","timestamp":"2025-08-27 02:40:42"}
{"action":"eventLog","type":"attachments","progress":1,"message":"Updated attachment metadata: 26","timestamp":"2025-08-27 02:40:42"}
{"action":"eventLog","type":"attachments","progress":1,"message":"Updated attachment metadata: 26","timestamp":"2025-08-27 02:40:42"}
{"action":"eventLog","type":"attachments","progress":1,"message":"Updated attachment metadata: 26","timestamp":"2025-08-27 02:40:42"}
{"action":"eventLog","type":"attachments","progress":1,"message":"Updated attachment metadata: 26","timestamp":"2025-08-27 02:40:42"}
{"action":"updateLog","type":"attachments","progress":52,"message":"Importing Attachments: (17\/33)","timestamp":"2025-08-27 02:40:42"}
{"action":"eventLog","type":"attachments","progress":1,"message":"Before inserting attachment: jimmy-dean-DyQiNSgrM58-unsplash 1-min","timestamp":"2025-08-27 02:40:42"}
{"action":"eventLog","type":"attachments","progress":1,"message":"After inserting attachment: jimmy-dean-DyQiNSgrM58-unsplash 1-min","timestamp":"2025-08-27 02:40:42"}
{"action":"eventLog","type":"attachments","progress":1,"message":"Updated attachment metadata: 27","timestamp":"2025-08-27 02:40:42"}
{"action":"eventLog","type":"attachments","progress":1,"message":"Updated attachment metadata: 27","timestamp":"2025-08-27 02:40:42"}
{"action":"eventLog","type":"attachments","progress":1,"message":"Updated attachment metadata: 27","timestamp":"2025-08-27 02:40:42"}
{"action":"eventLog","type":"attachments","progress":1,"message":"Updated attachment metadata: 27","timestamp":"2025-08-27 02:40:42"}
{"action":"eventLog","type":"attachments","progress":1,"message":"Updated attachment metadata: 27","timestamp":"2025-08-27 02:40:42"}
{"action":"eventLog","type":"attachments","progress":1,"message":"Updated attachment metadata: 27","timestamp":"2025-08-27 02:40:42"}
{"action":"eventLog","type":"attachments","progress":1,"message":"Updated attachment metadata: 27","timestamp":"2025-08-27 02:40:42"}
{"action":"eventLog","type":"attachments","progress":1,"message":"Updated attachment metadata: 27","timestamp":"2025-08-27 02:40:42"}
{"action":"eventLog","type":"attachments","progress":1,"message":"Updated attachment metadata: 27","timestamp":"2025-08-27 02:40:42"}
{"action":"updateLog","type":"attachments","progress":55,"message":"Importing Attachments: (18\/33)","timestamp":"2025-08-27 02:40:42"}
{"action":"eventLog","type":"attachments","progress":1,"message":"Before inserting attachment: annie-spratt-4A1pj4_vClA-unsplash 1-min","timestamp":"2025-08-27 02:40:43"}
{"action":"eventLog","type":"attachments","progress":1,"message":"After inserting attachment: annie-spratt-4A1pj4_vClA-unsplash 1-min","timestamp":"2025-08-27 02:40:43"}
{"action":"eventLog","type":"attachments","progress":1,"message":"Updated attachment metadata: 28","timestamp":"2025-08-27 02:40:43"}
{"action":"eventLog","type":"attachments","progress":1,"message":"Updated attachment metadata: 28","timestamp":"2025-08-27 02:40:43"}
{"action":"eventLog","type":"attachments","progress":1,"message":"Updated attachment metadata: 28","timestamp":"2025-08-27 02:40:43"}
{"action":"eventLog","type":"attachments","progress":1,"message":"Updated attachment metadata: 28","timestamp":"2025-08-27 02:40:43"}
{"action":"eventLog","type":"attachments","progress":1,"message":"Updated attachment metadata: 28","timestamp":"2025-08-27 02:40:43"}
{"action":"eventLog","type":"attachments","progress":1,"message":"Updated attachment metadata: 28","timestamp":"2025-08-27 02:40:43"}
{"action":"eventLog","type":"attachments","progress":1,"message":"Updated attachment metadata: 28","timestamp":"2025-08-27 02:40:43"}
{"action":"eventLog","type":"attachments","progress":1,"message":"Updated attachment metadata: 28","timestamp":"2025-08-27 02:40:43"}
{"action":"eventLog","type":"attachments","progress":1,"message":"Updated attachment metadata: 28","timestamp":"2025-08-27 02:40:43"}
{"action":"updateLog","type":"attachments","progress":58,"message":"Importing Attachments: (19\/33)","timestamp":"2025-08-27 02:40:43"}
{"action":"eventLog","type":"attachments","progress":1,"message":"Before inserting attachment: annie-spratt-4A1pj4_vClA-unsplash 4-min","timestamp":"2025-08-27 02:40:43"}
{"action":"eventLog","type":"attachments","progress":1,"message":"After inserting attachment: annie-spratt-4A1pj4_vClA-unsplash 4-min","timestamp":"2025-08-27 02:40:43"}
{"action":"eventLog","type":"attachments","progress":1,"message":"Updated attachment metadata: 29","timestamp":"2025-08-27 02:40:43"}
{"action":"eventLog","type":"attachments","progress":1,"message":"Updated attachment metadata: 29","timestamp":"2025-08-27 02:40:43"}
{"action":"eventLog","type":"attachments","progress":1,"message":"Updated attachment metadata: 29","timestamp":"2025-08-27 02:40:43"}
{"action":"eventLog","type":"attachments","progress":1,"message":"Updated attachment metadata: 29","timestamp":"2025-08-27 02:40:43"}
{"action":"eventLog","type":"attachments","progress":1,"message":"Updated attachment metadata: 29","timestamp":"2025-08-27 02:40:43"}
{"action":"eventLog","type":"attachments","progress":1,"message":"Updated attachment metadata: 29","timestamp":"2025-08-27 02:40:43"}
{"action":"eventLog","type":"attachments","progress":1,"message":"Updated attachment metadata: 29","timestamp":"2025-08-27 02:40:43"}
{"action":"eventLog","type":"attachments","progress":1,"message":"Updated attachment metadata: 29","timestamp":"2025-08-27 02:40:43"}
{"action":"eventLog","type":"attachments","progress":1,"message":"Updated attachment metadata: 29","timestamp":"2025-08-27 02:40:43"}
{"action":"updateLog","type":"attachments","progress":61,"message":"Importing Attachments: (20\/33)","timestamp":"2025-08-27 02:40:43"}
{"action":"eventLog","type":"attachments","progress":1,"message":"Before inserting attachment: home post 1","timestamp":"2025-08-27 02:40:43"}
{"action":"eventLog","type":"attachments","progress":1,"message":"After inserting attachment: home post 1","timestamp":"2025-08-27 02:40:43"}
{"action":"eventLog","type":"attachments","progress":1,"message":"Updated attachment metadata: 30","timestamp":"2025-08-27 02:40:43"}
{"action":"eventLog","type":"attachments","progress":1,"message":"Updated attachment metadata: 30","timestamp":"2025-08-27 02:40:43"}
{"action":"eventLog","type":"attachments","progress":1,"message":"Updated attachment metadata: 30","timestamp":"2025-08-27 02:40:43"}
{"action":"eventLog","type":"attachments","progress":1,"message":"Updated attachment metadata: 30","timestamp":"2025-08-27 02:40:43"}
{"action":"eventLog","type":"attachments","progress":1,"message":"Updated attachment metadata: 30","timestamp":"2025-08-27 02:40:43"}
{"action":"eventLog","type":"attachments","progress":1,"message":"Updated attachment metadata: 30","timestamp":"2025-08-27 02:40:43"}
{"action":"eventLog","type":"attachments","progress":1,"message":"Updated attachment metadata: 30","timestamp":"2025-08-27 02:40:44"}
{"action":"eventLog","type":"attachments","progress":1,"message":"Updated attachment metadata: 30","timestamp":"2025-08-27 02:40:44"}
{"action":"updateLog","type":"attachments","progress":64,"message":"Importing Attachments: (21\/33)","timestamp":"2025-08-27 02:40:44"}
{"action":"eventLog","type":"attachments","progress":1,"message":"Before inserting attachment: home post 2","timestamp":"2025-08-27 02:40:44"}
{"action":"eventLog","type":"attachments","progress":1,"message":"After inserting attachment: home post 2","timestamp":"2025-08-27 02:40:44"}
{"action":"eventLog","type":"attachments","progress":1,"message":"Updated attachment metadata: 31","timestamp":"2025-08-27 02:40:44"}
{"action":"eventLog","type":"attachments","progress":1,"message":"Updated attachment metadata: 31","timestamp":"2025-08-27 02:40:44"}
{"action":"eventLog","type":"attachments","progress":1,"message":"Updated attachment metadata: 31","timestamp":"2025-08-27 02:40:44"}
{"action":"eventLog","type":"attachments","progress":1,"message":"Updated attachment metadata: 31","timestamp":"2025-08-27 02:40:44"}
{"action":"eventLog","type":"attachments","progress":1,"message":"Updated attachment metadata: 31","timestamp":"2025-08-27 02:40:44"}
{"action":"eventLog","type":"attachments","progress":1,"message":"Updated attachment metadata: 31","timestamp":"2025-08-27 02:40:44"}
{"action":"eventLog","type":"attachments","progress":1,"message":"Updated attachment metadata: 31","timestamp":"2025-08-27 02:40:44"}
{"action":"eventLog","type":"attachments","progress":1,"message":"Updated attachment metadata: 31","timestamp":"2025-08-27 02:40:44"}
{"action":"updateLog","type":"attachments","progress":67,"message":"Importing Attachments: (22\/33)","timestamp":"2025-08-27 02:40:44"}
{"action":"eventLog","type":"attachments","progress":1,"message":"Before inserting attachment: home post 3","timestamp":"2025-08-27 02:40:44"}
{"action":"eventLog","type":"attachments","progress":1,"message":"After inserting attachment: home post 3","timestamp":"2025-08-27 02:40:44"}
{"action":"eventLog","type":"attachments","progress":1,"message":"Updated attachment metadata: 32","timestamp":"2025-08-27 02:40:44"}
{"action":"eventLog","type":"attachments","progress":1,"message":"Updated attachment metadata: 32","timestamp":"2025-08-27 02:40:44"}
{"action":"eventLog","type":"attachments","progress":1,"message":"Updated attachment metadata: 32","timestamp":"2025-08-27 02:40:44"}
{"action":"eventLog","type":"attachments","progress":1,"message":"Updated attachment metadata: 32","timestamp":"2025-08-27 02:40:44"}
{"action":"eventLog","type":"attachments","progress":1,"message":"Updated attachment metadata: 32","timestamp":"2025-08-27 02:40:44"}
{"action":"eventLog","type":"attachments","progress":1,"message":"Updated attachment metadata: 32","timestamp":"2025-08-27 02:40:44"}
{"action":"eventLog","type":"attachments","progress":1,"message":"Updated attachment metadata: 32","timestamp":"2025-08-27 02:40:44"}
{"action":"eventLog","type":"attachments","progress":1,"message":"Updated attachment metadata: 32","timestamp":"2025-08-27 02:40:44"}
{"action":"updateLog","type":"attachments","progress":70,"message":"Importing Attachments: (23\/33)","timestamp":"2025-08-27 02:40:44"}
{"action":"eventLog","type":"attachments","progress":1,"message":"Before inserting attachment: home post 4","timestamp":"2025-08-27 02:40:44"}
{"action":"eventLog","type":"attachments","progress":1,"message":"After inserting attachment: home post 4","timestamp":"2025-08-27 02:40:44"}
{"action":"eventLog","type":"attachments","progress":1,"message":"Updated attachment metadata: 33","timestamp":"2025-08-27 02:40:44"}
{"action":"eventLog","type":"attachments","progress":1,"message":"Updated attachment metadata: 33","timestamp":"2025-08-27 02:40:44"}
{"action":"eventLog","type":"attachments","progress":1,"message":"Updated attachment metadata: 33","timestamp":"2025-08-27 02:40:44"}
{"action":"eventLog","type":"attachments","progress":1,"message":"Updated attachment metadata: 33","timestamp":"2025-08-27 02:40:44"}
{"action":"eventLog","type":"attachments","progress":1,"message":"Updated attachment metadata: 33","timestamp":"2025-08-27 02:40:44"}
{"action":"eventLog","type":"attachments","progress":1,"message":"Updated attachment metadata: 33","timestamp":"2025-08-27 02:40:44"}
{"action":"eventLog","type":"attachments","progress":1,"message":"Updated attachment metadata: 33","timestamp":"2025-08-27 02:40:44"}
{"action":"eventLog","type":"attachments","progress":1,"message":"Updated attachment metadata: 33","timestamp":"2025-08-27 02:40:44"}
{"action":"eventLog","type":"attachments","progress":1,"message":"Updated attachment metadata: 33","timestamp":"2025-08-27 02:40:44"}
{"action":"updateLog","type":"attachments","progress":73,"message":"Importing Attachments: (24\/33)","timestamp":"2025-08-27 02:40:44"}
{"action":"eventLog","type":"attachments","progress":1,"message":"Before inserting attachment: home recent post image 1","timestamp":"2025-08-27 02:40:44"}
{"action":"eventLog","type":"attachments","progress":1,"message":"After inserting attachment: home recent post image 1","timestamp":"2025-08-27 02:40:44"}
{"action":"eventLog","type":"attachments","progress":1,"message":"Updated attachment metadata: 34","timestamp":"2025-08-27 02:40:44"}
{"action":"eventLog","type":"attachments","progress":1,"message":"Updated attachment metadata: 34","timestamp":"2025-08-27 02:40:44"}
{"action":"eventLog","type":"attachments","progress":1,"message":"Updated attachment metadata: 34","timestamp":"2025-08-27 02:40:44"}
{"action":"eventLog","type":"attachments","progress":1,"message":"Updated attachment metadata: 34","timestamp":"2025-08-27 02:40:44"}
{"action":"eventLog","type":"attachments","progress":1,"message":"Updated attachment metadata: 34","timestamp":"2025-08-27 02:40:44"}
{"action":"eventLog","type":"attachments","progress":1,"message":"Updated attachment metadata: 34","timestamp":"2025-08-27 02:40:45"}
{"action":"eventLog","type":"attachments","progress":1,"message":"Updated attachment metadata: 34","timestamp":"2025-08-27 02:40:45"}
{"action":"eventLog","type":"attachments","progress":1,"message":"Updated attachment metadata: 34","timestamp":"2025-08-27 02:40:45"}
{"action":"eventLog","type":"attachments","progress":1,"message":"Updated attachment metadata: 34","timestamp":"2025-08-27 02:40:45"}
{"action":"updateLog","type":"attachments","progress":76,"message":"Importing Attachments: (25\/33)","timestamp":"2025-08-27 02:40:45"}
{"action":"eventLog","type":"attachments","progress":1,"message":"Before inserting attachment: home recent post image 2","timestamp":"2025-08-27 02:40:45"}
{"action":"eventLog","type":"attachments","progress":1,"message":"After inserting attachment: home recent post image 2","timestamp":"2025-08-27 02:40:45"}
{"action":"eventLog","type":"attachments","progress":1,"message":"Updated attachment metadata: 35","timestamp":"2025-08-27 02:40:45"}
{"action":"eventLog","type":"attachments","progress":1,"message":"Updated attachment metadata: 35","timestamp":"2025-08-27 02:40:45"}
{"action":"eventLog","type":"attachments","progress":1,"message":"Updated attachment metadata: 35","timestamp":"2025-08-27 02:40:45"}
{"action":"eventLog","type":"attachments","progress":1,"message":"Updated attachment metadata: 35","timestamp":"2025-08-27 02:40:45"}
{"action":"eventLog","type":"attachments","progress":1,"message":"Updated attachment metadata: 35","timestamp":"2025-08-27 02:40:45"}
{"action":"updateLog","type":"attachments","progress":79,"message":"Importing Attachments: (26\/33)","timestamp":"2025-08-27 02:40:45"}
{"action":"eventLog","type":"attachments","progress":1,"message":"Before inserting attachment: home recent post image 3","timestamp":"2025-08-27 02:40:45"}
{"action":"eventLog","type":"attachments","progress":1,"message":"After inserting attachment: home recent post image 3","timestamp":"2025-08-27 02:40:45"}
{"action":"eventLog","type":"attachments","progress":1,"message":"Updated attachment metadata: 36","timestamp":"2025-08-27 02:40:45"}
{"action":"eventLog","type":"attachments","progress":1,"message":"Updated attachment metadata: 36","timestamp":"2025-08-27 02:40:45"}
{"action":"eventLog","type":"attachments","progress":1,"message":"Updated attachment metadata: 36","timestamp":"2025-08-27 02:40:45"}
{"action":"eventLog","type":"attachments","progress":1,"message":"Updated attachment metadata: 36","timestamp":"2025-08-27 02:40:45"}
{"action":"eventLog","type":"attachments","progress":1,"message":"Updated attachment metadata: 36","timestamp":"2025-08-27 02:40:45"}
{"action":"eventLog","type":"attachments","progress":1,"message":"Updated attachment metadata: 36","timestamp":"2025-08-27 02:40:45"}
{"action":"eventLog","type":"attachments","progress":1,"message":"Updated attachment metadata: 36","timestamp":"2025-08-27 02:40:45"}
{"action":"eventLog","type":"attachments","progress":1,"message":"Updated attachment metadata: 36","timestamp":"2025-08-27 02:40:45"}
{"action":"eventLog","type":"attachments","progress":1,"message":"Updated attachment metadata: 36","timestamp":"2025-08-27 02:40:45"}
{"action":"updateLog","type":"attachments","progress":82,"message":"Importing Attachments: (27\/33)","timestamp":"2025-08-27 02:40:45"}
{"action":"eventLog","type":"attachments","progress":1,"message":"Before inserting attachment: home recent post image 4","timestamp":"2025-08-27 02:40:45"}
{"action":"eventLog","type":"attachments","progress":1,"message":"After inserting attachment: home recent post image 4","timestamp":"2025-08-27 02:40:45"}
{"action":"eventLog","type":"attachments","progress":1,"message":"Updated attachment metadata: 37","timestamp":"2025-08-27 02:40:45"}
{"action":"eventLog","type":"attachments","progress":1,"message":"Updated attachment metadata: 37","timestamp":"2025-08-27 02:40:45"}
{"action":"eventLog","type":"attachments","progress":1,"message":"Updated attachment metadata: 37","timestamp":"2025-08-27 02:40:45"}
{"action":"eventLog","type":"attachments","progress":1,"message":"Updated attachment metadata: 37","timestamp":"2025-08-27 02:40:45"}
{"action":"eventLog","type":"attachments","progress":1,"message":"Updated attachment metadata: 37","timestamp":"2025-08-27 02:40:45"}
{"action":"updateLog","type":"attachments","progress":85,"message":"Importing Attachments: (28\/33)","timestamp":"2025-08-27 02:40:45"}
{"action":"eventLog","type":"attachments","progress":1,"message":"Before inserting attachment: c9e51b69-image.png","timestamp":"2025-08-27 02:40:45"}
{"action":"eventLog","type":"attachments","progress":1,"message":"After inserting attachment: c9e51b69-image.png","timestamp":"2025-08-27 02:40:45"}
{"action":"eventLog","type":"attachments","progress":1,"message":"Updated attachment metadata: 38","timestamp":"2025-08-27 02:40:45"}
{"action":"eventLog","type":"attachments","progress":1,"message":"Updated attachment metadata: 38","timestamp":"2025-08-27 02:40:45"}
{"action":"updateLog","type":"attachments","progress":88,"message":"Importing Attachments: (29\/33)","timestamp":"2025-08-27 02:40:45"}
{"action":"eventLog","type":"attachments","progress":1,"message":"Before inserting attachment: Sroll-Down.png","timestamp":"2025-08-27 02:40:45"}
{"action":"eventLog","type":"attachments","progress":1,"message":"After inserting attachment: Sroll-Down.png","timestamp":"2025-08-27 02:40:45"}
{"action":"eventLog","type":"attachments","progress":1,"message":"Updated attachment metadata: 39","timestamp":"2025-08-27 02:40:45"}
{"action":"eventLog","type":"attachments","progress":1,"message":"Updated attachment metadata: 39","timestamp":"2025-08-27 02:40:45"}
{"action":"eventLog","type":"attachments","progress":1,"message":"Updated attachment metadata: 39","timestamp":"2025-08-27 02:40:45"}
{"action":"updateLog","type":"attachments","progress":91,"message":"Importing Attachments: (30\/33)","timestamp":"2025-08-27 02:40:45"}
{"action":"eventLog","type":"attachments","progress":1,"message":"Before inserting attachment: 6fdb31e0-image5.png","timestamp":"2025-08-27 02:40:45"}
{"action":"eventLog","type":"attachments","progress":1,"message":"After inserting attachment: 6fdb31e0-image5.png","timestamp":"2025-08-27 02:40:45"}
{"action":"eventLog","type":"attachments","progress":1,"message":"Updated attachment metadata: 40","timestamp":"2025-08-27 02:40:45"}
{"action":"eventLog","type":"attachments","progress":1,"message":"Updated attachment metadata: 40","timestamp":"2025-08-27 02:40:46"}
{"action":"eventLog","type":"attachments","progress":1,"message":"Updated attachment metadata: 40","timestamp":"2025-08-27 02:40:46"}
{"action":"eventLog","type":"attachments","progress":1,"message":"Updated attachment metadata: 40","timestamp":"2025-08-27 02:40:46"}
{"action":"eventLog","type":"attachments","progress":1,"message":"Updated attachment metadata: 40","timestamp":"2025-08-27 02:40:46"}
{"action":"eventLog","type":"attachments","progress":1,"message":"Updated attachment metadata: 40","timestamp":"2025-08-27 02:40:46"}
{"action":"eventLog","type":"attachments","progress":1,"message":"Updated attachment metadata: 40","timestamp":"2025-08-27 02:40:46"}
{"action":"updateLog","type":"attachments","progress":94,"message":"Importing Attachments: (31\/33)","timestamp":"2025-08-27 02:40:46"}
{"action":"eventLog","type":"attachments","progress":1,"message":"Before inserting attachment: d62b59fb-image6.png","timestamp":"2025-08-27 02:40:46"}
{"action":"eventLog","type":"attachments","progress":1,"message":"After inserting attachment: d62b59fb-image6.png","timestamp":"2025-08-27 02:40:46"}
{"action":"eventLog","type":"attachments","progress":1,"message":"Updated attachment metadata: 41","timestamp":"2025-08-27 02:40:46"}
{"action":"eventLog","type":"attachments","progress":1,"message":"Updated attachment metadata: 41","timestamp":"2025-08-27 02:40:46"}
{"action":"eventLog","type":"attachments","progress":1,"message":"Updated attachment metadata: 41","timestamp":"2025-08-27 02:40:46"}
{"action":"eventLog","type":"attachments","progress":1,"message":"Updated attachment metadata: 41","timestamp":"2025-08-27 02:40:46"}
{"action":"eventLog","type":"attachments","progress":1,"message":"Updated attachment metadata: 41","timestamp":"2025-08-27 02:40:46"}
{"action":"eventLog","type":"attachments","progress":1,"message":"Updated attachment metadata: 41","timestamp":"2025-08-27 02:40:46"}
{"action":"eventLog","type":"attachments","progress":1,"message":"Updated attachment metadata: 41","timestamp":"2025-08-27 02:40:46"}
{"action":"eventLog","type":"attachments","progress":1,"message":"Updated attachment metadata: 41","timestamp":"2025-08-27 02:40:46"}
{"action":"eventLog","type":"attachments","progress":1,"message":"Updated attachment metadata: 41","timestamp":"2025-08-27 02:40:46"}
{"action":"updateLog","type":"attachments","progress":97,"message":"Importing Attachments: (32\/33)","timestamp":"2025-08-27 02:40:46"}
{"action":"eventLog","type":"attachments","progress":1,"message":"Before inserting attachment: trending-up.png","timestamp":"2025-08-27 02:40:46"}
{"action":"eventLog","type":"attachments","progress":1,"message":"After inserting attachment: trending-up.png","timestamp":"2025-08-27 02:40:46"}
{"action":"eventLog","type":"attachments","progress":1,"message":"Updated attachment metadata: 42","timestamp":"2025-08-27 02:40:46"}
{"action":"eventLog","type":"attachments","progress":1,"message":"Updated attachment metadata: 42","timestamp":"2025-08-27 02:40:46"}
{"action":"eventLog","type":"attachments","progress":1,"message":"Updated attachment metadata: 42","timestamp":"2025-08-27 02:40:46"}
{"action":"updateLog","type":"attachments","progress":100,"message":"Importing Attachments: (33\/33)","status":"complete","timestamp":"2025-08-27 02:40:46"}
{"action":"updateLog","type":"attachments","progress":100,"message":"Importing Attachments: (33\/33)","status":"complete","timestamp":"2025-08-27 02:40:46"}
{"type":"continue","action":"continue","name":"","index":1,"results":null,"timestamp":"2025-08-27 02:40:46"}
{"type":"start","action":"eventLog","results":"Templately\\Core\\Importer\\FullSiteImport::import::519","timestamp":"2025-08-27 02:40:48"}
{"action":"removeLog","type":"temp","progress":100,"timestamp":"2025-08-27 02:40:48"}
{"action":"eventLog","type":"customizer","progress":0,"message":"Updating customizer settings.","timestamp":"2025-08-27 02:40:48"}
{"action":"eventLog","type":"customizer","progress":0,"message":"Updating customizer settings.","timestamp":"2025-08-27 02:40:48"}
{"action":"eventLog","type":"customizer","progress":100,"message":"Updating customizer settings.","status":"complete","timestamp":"2025-08-27 02:40:48"}
{"type":"continue","action":"continue","name":"","index":2,"results":null,"timestamp":"2025-08-27 02:40:48"}
{"type":"start","action":"eventLog","results":"Templately\\Core\\Importer\\FullSiteImport::import::519","timestamp":"2025-08-27 02:40:49"}
{"action":"removeLog","type":"temp","progress":100,"timestamp":"2025-08-27 02:40:49"}
{"type":"continue","action":"continue","name":"","index":3,"results":null,"timestamp":"2025-08-27 02:40:49"}
{"type":"start","action":"eventLog","results":"Templately\\Core\\Importer\\FullSiteImport::import::519","timestamp":"2025-08-27 02:40:51"}
{"action":"removeLog","type":"temp","progress":100,"timestamp":"2025-08-27 02:40:51"}
{"action":"updateLog","type":"templates","progress":0,"message":"Importing Templates (i.e: Header, Footer, etc)","timestamp":"2025-08-27 02:40:51"}
{"action":"updateLog","type":"templates","progress":25,"message":"Importing Templates (i.e: Header, Footer, etc)","timestamp":"2025-08-27 02:40:51"}
{"action":"updateLog","type":"templates","progress":50,"message":"Importing Templates (i.e: Header, Footer, etc)","timestamp":"2025-08-27 02:40:52"}
{"action":"updateLog","type":"templates","progress":75,"message":"Importing Templates (i.e: Header, Footer, etc)","timestamp":"2025-08-27 02:40:52"}
{"action":"updateLog","type":"templates","progress":100,"message":"Importing Templates (i.e: Header, Footer, etc)","status":"complete","timestamp":"2025-08-27 02:40:53"}
{"action":"updateLog","type":"templates","progress":100,"message":"Importing Templates (i.e: Header, Footer, etc)","status":"complete","timestamp":"2025-08-27 02:40:53"}
{"type":"continue","action":"continue","name":"","index":4,"results":null,"timestamp":"2025-08-27 02:40:53"}
{"type":"start","action":"eventLog","results":"Templately\\Core\\Importer\\FullSiteImport::import::519","timestamp":"2025-08-27 02:40:54"}
{"action":"removeLog","type":"temp","progress":100,"timestamp":"2025-08-27 02:40:54"}
{"type":"continue","action":"continue","name":"","index":5,"results":null,"timestamp":"2025-08-27 02:40:54"}
{"type":"start","action":"eventLog","results":"Templately\\Core\\Importer\\FullSiteImport::import::519","timestamp":"2025-08-27 02:40:55"}
{"action":"removeLog","type":"temp","progress":100,"timestamp":"2025-08-27 02:40:55"}
{"action":"updateLog","type":"content","progress":0,"message":"Importing Elementor Page and Post Templates","timestamp":"2025-08-27 02:40:55"}
{"action":"updateLog","type":"content","progress":33,"message":"Importing Elementor Page and Post Templates","timestamp":"2025-08-27 02:40:57"}
{"action":"updateLog","type":"content","progress":66,"message":"Importing Elementor Page and Post Templates","timestamp":"2025-08-27 02:40:57"}
{"action":"eventLog","type":"attachments","progress":1,"message":"Before downloading attachment: https:\/\/demo.assets.templately.com\/magazine\/elementor\/11\/2024\/03\/Arrow.svg","timestamp":"2025-08-27 02:40:57"}
{"action":"eventLog","type":"attachments","progress":1,"message":"After downloading attachment: https:\/\/demo.assets.templately.com\/magazine\/elementor\/11\/2024\/03\/Arrow.svg","timestamp":"2025-08-27 02:40:58"}
{"action":"eventLog","type":"attachments","progress":1,"message":"Before inserting attachment: Arrow.svg","timestamp":"2025-08-27 02:40:58"}
{"action":"eventLog","type":"attachments","progress":1,"message":"After inserting attachment: Arrow.svg","timestamp":"2025-08-27 02:40:58"}
{"action":"eventLog","type":"attachments","progress":1,"message":"Updated attachment metadata: 68","timestamp":"2025-08-27 02:40:58"}
{"action":"updateLog","type":"content","progress":100,"message":"Importing Elementor Page and Post Templates","status":"complete","timestamp":"2025-08-27 02:40:58"}
{"action":"updateLog","type":"content","progress":100,"message":"Importing Elementor Page and Post Templates","status":"complete","timestamp":"2025-08-27 02:40:58"}
{"type":"continue","action":"continue","name":"","index":6,"results":null,"timestamp":"2025-08-27 02:40:58"}
{"type":"start","action":"eventLog","results":"Templately\\Core\\Importer\\FullSiteImport::import::519","timestamp":"2025-08-27 02:40:59"}
{"action":"removeLog","type":"temp","progress":100,"timestamp":"2025-08-27 02:40:59"}
{"action":"updateLog","type":"wp-content","progress":0,"message":"Importing Content (Pages, Posts, Products, Navigation)","timestamp":"2025-08-27 02:40:59"}
{"action":"updateLog","type":"wp-content","progress":2,"message":"Importing Content (Pages, Posts, Products, Navigation)","timestamp":"2025-08-27 02:41:00"}
{"action":"updateLog","type":"wp-content","progress":5,"message":"Importing Content (Pages, Posts, Products, Navigation)","timestamp":"2025-08-27 02:41:01"}
{"action":"updateLog","type":"wp-content","progress":8,"message":"Importing Content (Pages, Posts, Products, Navigation)","timestamp":"2025-08-27 02:41:01"}
{"action":"updateLog","type":"wp-content","progress":11,"message":"Importing Content (Pages, Posts, Products, Navigation)","timestamp":"2025-08-27 02:41:02"}
{"action":"updateLog","type":"wp-content","progress":13,"message":"Importing Content (Pages, Posts, Products, Navigation)","timestamp":"2025-08-27 02:41:02"}
{"action":"updateLog","type":"wp-content","progress":16,"message":"Importing Content (Pages, Posts, Products, Navigation)","timestamp":"2025-08-27 02:41:02"}
{"action":"updateLog","type":"wp-content","progress":19,"message":"Importing Content (Pages, Posts, Products, Navigation)","timestamp":"2025-08-27 02:41:02"}
{"action":"updateLog","type":"wp-content","progress":22,"message":"Importing Content (Pages, Posts, Products, Navigation)","timestamp":"2025-08-27 02:41:02"}
{"action":"updateLog","type":"wp-content","progress":25,"message":"Importing Content (Pages, Posts, Products, Navigation)","timestamp":"2025-08-27 02:41:02"}
{"action":"updateLog","type":"wp-content","progress":27,"message":"Importing Content (Pages, Posts, Products, Navigation)","timestamp":"2025-08-27 02:41:03"}
{"action":"updateLog","type":"wp-content","progress":30,"message":"Importing Content (Pages, Posts, Products, Navigation)","timestamp":"2025-08-27 02:41:03"}
{"action":"updateLog","type":"wp-content","progress":33,"message":"Importing Content (Pages, Posts, Products, Navigation)","timestamp":"2025-08-27 02:41:03"}
{"action":"updateLog","type":"wp-content","progress":36,"message":"Importing Content (Pages, Posts, Products, Navigation)","timestamp":"2025-08-27 02:41:03"}
{"action":"updateLog","type":"wp-content","progress":38,"message":"Importing Content (Pages, Posts, Products, Navigation)","timestamp":"2025-08-27 02:41:03"}
{"action":"updateLog","type":"wp-content","progress":41,"message":"Importing Content (Pages, Posts, Products, Navigation)","timestamp":"2025-08-27 02:41:03"}
{"action":"updateLog","type":"wp-content","progress":44,"message":"Importing Content (Pages, Posts, Products, Navigation)","timestamp":"2025-08-27 02:41:03"}
{"action":"updateLog","type":"wp-content","progress":47,"message":"Importing Content (Pages, Posts, Products, Navigation)","timestamp":"2025-08-27 02:41:03"}
{"action":"updateLog","type":"wp-content","progress":50,"message":"Importing Content (Pages, Posts, Products, Navigation)","timestamp":"2025-08-27 02:41:04"}
{"action":"updateLog","type":"wp-content","progress":52,"message":"Importing Content (Pages, Posts, Products, Navigation)","timestamp":"2025-08-27 02:41:04"}
{"action":"updateLog","type":"wp-content","progress":55,"message":"Importing Content (Pages, Posts, Products, Navigation)","timestamp":"2025-08-27 02:41:04"}
{"action":"updateLog","type":"wp-content","progress":100,"message":"Importing Content (Pages, Posts, Products, Navigation)","status":"complete","timestamp":"2025-08-27 02:41:04"}
{"type":"continue","action":"continue","name":"","index":7,"results":null,"timestamp":"2025-08-27 02:41:04"}
{"type":"start","action":"eventLog","results":"Templately\\Core\\Importer\\FullSiteImport::import::519","timestamp":"2025-08-27 02:41:07"}
{"action":"removeLog","type":"temp","progress":100,"timestamp":"2025-08-27 02:41:07"}
{"action":"updateLog","type":"finalize","progress":0,"message":"Finalizing Your Imports","timestamp":"2025-08-27 02:41:07"}
{"action":"updateLog","type":"finalize","progress":33,"message":"Finalizing Your Imports","timestamp":"2025-08-27 02:41:08"}
{"action":"updateLog","type":"finalize","progress":33,"message":"Finalizing Your Imports","timestamp":"2025-08-27 02:41:08"}
{"action":"eventLog","type":"attachments","progress":1,"message":"Before downloading attachment: https:\/\/demo.assets.templately.com\/magazine\/elementor\/11\/2024\/03\/arrow-up-right.svg","timestamp":"2025-08-27 02:41:08"}
{"action":"eventLog","type":"attachments","progress":1,"message":"After downloading attachment: https:\/\/demo.assets.templately.com\/magazine\/elementor\/11\/2024\/03\/arrow-up-right.svg","timestamp":"2025-08-27 02:41:09"}
{"action":"eventLog","type":"attachments","progress":1,"message":"Before inserting attachment: arrow-up-right.svg","timestamp":"2025-08-27 02:41:09"}
{"action":"eventLog","type":"attachments","progress":1,"message":"After inserting attachment: arrow-up-right.svg","timestamp":"2025-08-27 02:41:09"}
{"action":"eventLog","type":"attachments","progress":1,"message":"Updated attachment metadata: 99","timestamp":"2025-08-27 02:41:09"}
{"action":"eventLog","type":"attachments","progress":1,"message":"Before downloading attachment: https:\/\/demo.assets.templately.com\/magazine\/elementor\/11\/2024\/03\/Ellipse-32.png","timestamp":"2025-08-27 02:41:09"}
{"action":"eventLog","type":"attachments","progress":1,"message":"After downloading attachment: https:\/\/demo.assets.templately.com\/magazine\/elementor\/11\/2024\/03\/Ellipse-32.png","timestamp":"2025-08-27 02:41:09"}
{"action":"eventLog","type":"attachments","progress":1,"message":"Before inserting attachment: Ellipse-32.png","timestamp":"2025-08-27 02:41:09"}
{"action":"eventLog","type":"attachments","progress":1,"message":"After inserting attachment: Ellipse-32.png","timestamp":"2025-08-27 02:41:09"}
{"action":"eventLog","type":"attachments","progress":1,"message":"Updated attachment metadata: 100","timestamp":"2025-08-27 02:41:09"}
{"action":"eventLog","type":"attachments","progress":1,"message":"Updated attachment metadata: 100","timestamp":"2025-08-27 02:41:09"}
{"action":"eventLog","type":"attachments","progress":1,"message":"Updated attachment metadata: 100","timestamp":"2025-08-27 02:41:10"}
{"action":"eventLog","type":"attachments","progress":1,"message":"Updated attachment metadata: 100","timestamp":"2025-08-27 02:41:10"}
{"action":"eventLog","type":"attachments","progress":1,"message":"Updated attachment metadata: 100","timestamp":"2025-08-27 02:41:10"}
{"action":"eventLog","type":"attachments","progress":1,"message":"Updated attachment metadata: 100","timestamp":"2025-08-27 02:41:10"}
{"action":"eventLog","type":"attachments","progress":1,"message":"Updated attachment metadata: 100","timestamp":"2025-08-27 02:41:10"}
{"action":"eventLog","type":"attachments","progress":1,"message":"Updated attachment metadata: 100","timestamp":"2025-08-27 02:41:10"}
{"action":"eventLog","type":"attachments","progress":1,"message":"Updated attachment metadata: 100","timestamp":"2025-08-27 02:41:10"}
{"action":"eventLog","type":"attachments","progress":1,"message":"Updated attachment metadata: 100","timestamp":"2025-08-27 02:41:10"}
{"action":"eventLog","type":"attachments","progress":1,"message":"Updated attachment metadata: 100","timestamp":"2025-08-27 02:41:10"}
{"action":"updateLog","type":"finalize","progress":100,"message":"Finalizing Your Imports","status":"complete","timestamp":"2025-08-27 02:41:11"}
{"action":"updateLog","type":"finalize","progress":100,"message":"Finalizing Your Imports","status":"complete","timestamp":"2025-08-27 02:41:11"}
{"action":"eventLog","type":"attachments","progress":1,"message":"Before downloading attachment: https:\/\/app.templately.com\/api\/v1\/import\/success","timestamp":"2025-08-27 02:41:11"}
{"action":"eventLog","type":"attachments","progress":1,"message":"After downloading attachment: https:\/\/app.templately.com\/api\/v1\/import\/success","timestamp":"2025-08-27 02:41:12"}
{"type":"complete","action":"complete","results":{"attachments":33,"attachments_fail":0,"attachments_errors":[],"templates":4,"contents":{"page":3},"wp-content":{"post":20,"nav_menu_item":4},"post_types":["Laman","Pos"],"template_types":["header","footer","archive","single"],"ai_content":{"requested":[],"processed":[]},"dependency_data":{"theme":{"success":true,"name":"Hello Elementor","slug":"hello-elementor","message":""},"plugins":{"failed":[{"name":"Elementor Pro","slug":"elementor-pro","link":"https:\/\/wpdeveloper.net\/go\/elementor-pro","message":"Plugin not found."},{"name":"Essential Addons Pro","slug":"essential-addons-elementor","link":"https:\/\/essential-addons.com\/elementor\/","message":"Plugin not found."}],"_installed_plugins":2,"total":4,"succeed":2}}},"timestamp":"2025-08-27 02:41:12"}
